roblox.com
www.roblox.com
auth.roblox.com
accountsettings.roblox.com
assetgame.roblox.com
assetdelivery.roblox.com
catalog.roblox.com
avatar.roblox.com
itemconfiguration.roblox.com
economy.roblox.com
apis.roblox.com
clientsettings.api.roblox.com
chat.roblox.com
voice.roblox.com
friends.roblox.com
groups.roblox.com
notifications.roblox.com
presence.roblox.com
realtime.roblox.com
chatmoderation.roblox.com
studio.roblox.com
publish.roblox.com
develop.roblox.com
devforum.roblox.com
setup.rbxcdn.com
rbxcdn.com
versioncompatibility.roblox.com
sitetest.roblox.com
trades.roblox.com
translations.roblox.com
tutorials.roblox.com
ecs.roblox.com
gameanalytics.roblox.com
metrics.roblox.com
telemetry.roblox.com
abtesting.roblox.com
adconfiguration.roblox.com
ads.roblox.com
adserver.roblox.com
adspolicy.roblox.com
api.roblox.com
billing.roblox.com
captcha.roblox.com
cdn.roblox.com
chatrealtime.roblox.com
client-telemetry.roblox.com
clientsettingscdn.roblox.com
clicks.roblox.com
contentstore.roblox.com
ephemeralcounters.api.roblox.com
followings.roblox.com
gamepersistence.roblox.com
games.roblox.com
graphql.roblox.com
groupsmoderation.roblox.com
inventory.roblox.com
locale.roblox.com
localizationtables.roblox.com
matchmaking.roblox.com
pointbalancing.roblox.com
premiumfeatures.roblox.com
privatemessages.roblox.com
ratings.roblox.com
search.roblox.com
thumbnails.roblox.com
tix.roblox.com
translationservice.roblox.com
users.roblox.com
usersmoderation.roblox.com
web.roblox.com
wiki.roblox.com
wire.roblox.com
clientconfig.roblox.com
config.roblox.com
crl.roblox.com
status.roblox.com
setup.roblox.com
update.roblox.com
s3.amazonaws.com
stun.l.google.com
stun1.l.google.com
stun2.l.google.com
stun3.l.google.com
stun4.l.google.com
stun.services.mozilla.com
global.stun.twilio.com
turn.twilio.com
geoip.roblox.com
geoip.services.roblox.com
ocsp.digicert.com
ocsp.verisign.com
crl.verisign.com
setup-cdn.roblox.com
roblox-setup.roblox.com
roblox-update.roblox.com
update-cdn.roblox.com
api.rbxcdn.com
setup.api.rbxcdn.com
setup.cache.rbxcdn.com
cs.rbxcdn.com
roblox-setup.cache.roblox.com
roblox-update.cache.roblox.com
setup.cache.roblox.com
update.cache.roblox.com
gamejoin.roblox.com
client.roblox.com
contentdelivery.roblox.com
economycdn.roblox.com
matchmaking.api.roblox.com
presence.api.roblox.com
friends.api.roblox.com
groups.api.roblox.com
inventory.api.roblox.com
catalog.api.roblox.com
avatar.api.roblox.com
users.api.roblox.com
develop.api.roblox.com
realtime-signalr.roblox.com
devforum.api.roblox.com
akamaized.net
cloudfront.net
amazonaws.com
rblx.com
robloxapp.com
robloxgames.com
robloxlabs.com
rbx.com
rbxlabs.com
rbxcdn.xyz
rbxcdn.site
rbxcdn.tech
rbxcdn.one
rbxcdn.today
rbxcdn.world
rbxcdn.services
rbxcdn.work
rbxcdn.space
rbxcdn.online
rbxcdn.store
rbxcdn.fun
rbxcdn.biz
rbxcdn.us
rbxcdn.org
rbxcdn.net
rbxcdn.co
rbxcdn.me
rbxcdn.tv
rbxcdn.cc
rbxcdn.gg
rbxcdn.dev
rbxcdn.io
edgecastcdn.net
footprint.net
llnwd.net
hwcdn.net
gcdn.co
g-cdn.net
cdngc.net
cdngs.net
secure.footprint.net
secure.llnwd.net
roblox.qq.com
roblox.cn
ecsv2.roblox.com
tracing.roblox.com
usermoderation.roblox.com
clientsettings.roblox.com
apis.rbxcdn.com
contacts.roblox.com
tr.rbxcdn.com
arkoselabs.co
arkoselabs.com
blox.com
di-rbx.com
fastly.net
goblocks.com
goblox.com
gooblox.com
humancoexperience.com
llnwi.net
luau-lang.org
luau.org
luobu.biz
luobu.info
luobu.io
luobu.org
rblx.co
rblx.org
rbx-stage.com
rbx.cn
rbx.dev
rbxcdn-cn.com
rbxes.com
rbxgame.com
rbxinfra.com
rbxinfra.net
rbxtrk.com
ro-blox.com
roadblocks.com
roblocks.com
roblox.app
roblox.ca
roblox.cc
roblox.cl
roblox.co.jp
roblox.co.uk
roblox.de
roblox.dev
roblox.dk
roblox.eu
roblox.fr
roblox.hu
roblox.in
roblox.it
roblox.jp
roblox.kr
roblox.lat
roblox.mx
roblox.net
roblox.org
roblox.ph
roblox.pt
roblox.sk
roblox.tv
roblox.uk
roblox.us
roblox.vn
robloxads.com
robloxcdn.com
robloxcorp.com
robloxcorporation.com
robloxdev.com
robloxengine.com
robloxgame.com
robloxlabs.cn
robloxmail.com
robloxmedia.com
robloxrcs.com
robloxtechtalks.com
robloxtoy.com
robloxuniverse.com
robux.com
rowblocks.com
rowblox.com
tryroblox.com
youmakethegame.com
youmakethegames.com
